android/app/build/intermediates/manifest_merge_blame_file/release/processReleaseMainManifest/manifest-merger-blame-release-report.txt
1<?xml version="1.0" encoding="utf-8"?>
2<manifest xmlns:android="http://schemas.android.com/apk/res/android"
3    package="app.duezo"
4    android:versionCode="1"
5    android:versionName="1.0" >
6
7    <uses-sdk
8        android:minSdkVersion="24"
9        android:targetSdkVersion="36" />
10
11    <!-- Permissions -->
12
13    <uses-permission android:name="android.permission.INTERNET" />
13-->src/main/AndroidManifest.xml:40:5-67
13-->src/main/AndroidManifest.xml:40:22-64
14
15    <queries>
15-->[:capacitor-browser] AndroidManifest.xml:7:5-11:15
16        <intent>
16-->[:capacitor-browser] AndroidManifest.xml:8:9-10:18
17            <action android:name="android.support.customtabs.action.CustomTabsService" />
17-->[:capacitor-browser] AndroidManifest.xml:9:13-90
17-->[:capacitor-browser] AndroidManifest.xml:9:21-87
18        </intent>
19    </queries>
20
21    <uses-permission android:name="android.permission.ACCESS_NETWORK_STATE" />
21-->[com.google.firebase:firebase-messaging:25.0.1] AndroidManifest.xml:22:5-79
21-->[com.google.firebase:firebase-messaging:25.0.1] AndroidManifest.xml:22:22-76
22    <uses-permission android:name="android.permission.POST_NOTIFICATIONS" />
22-->[com.google.firebase:firebase-messaging:25.0.1] AndroidManifest.xml:23:5-77
22-->[com.google.firebase:firebase-messaging:25.0.1] AndroidManifest.xml:23:22-74
23    <uses-permission android:name="android.permission.WAKE_LOCK" /> <!-- Required by older versions of Google Play services to create IID tokens -->
23-->[com.google.firebase:firebase-messaging:25.0.1] AndroidManifest.xml:24:5-68
23-->[com.google.firebase:firebase-messaging:25.0.1] AndroidManifest.xml:24:22-65
24    <uses-permission android:name="com.google.android.c2dm.permission.RECEIVE" />
24-->[com.google.firebase:firebase-messaging:25.0.1] AndroidManifest.xml:26:5-82
24-->[com.google.firebase:firebase-messaging:25.0.1] AndroidManifest.xml:26:22-79
25
26    <permission
26-->[androidx.core:core:1.17.0] AndroidManifest.xml:22:5-24:47
27        android:name="app.duezo.DYNAMIC_RECEIVER_NOT_EXPORTED_PERMISSION"
27-->[androidx.core:core:1.17.0] AndroidManifest.xml:23:9-81
28        android:protectionLevel="signature" />
28-->[androidx.core:core:1.17.0] AndroidManifest.xml:24:9-44
29
30    <uses-permission android:name="app.duezo.DYNAMIC_RECEIVER_NOT_EXPORTED_PERMISSION" />
30-->[androidx.core:core:1.17.0] AndroidManifest.xml:26:5-97
30-->[androidx.core:core:1.17.0] AndroidManifest.xml:26:22-94
31
32    <application
32-->src/main/AndroidManifest.xml:4:5-36:19
33        android:allowBackup="true"
33-->src/main/AndroidManifest.xml:5:9-35
34        android:appComponentFactory="androidx.core.app.CoreComponentFactory"
34-->[androidx.core:core:1.17.0] AndroidManifest.xml:28:18-86
35        android:extractNativeLibs="false"
36        android:icon="@mipmap/ic_launcher"
36-->src/main/AndroidManifest.xml:6:9-43
37        android:label="@string/app_name"
37-->src/main/AndroidManifest.xml:7:9-41
38        android:roundIcon="@mipmap/ic_launcher_round"
38-->src/main/AndroidManifest.xml:8:9-54
39        android:supportsRtl="true"
39-->src/main/AndroidManifest.xml:9:9-35
40        android:theme="@style/AppTheme" >
40-->src/main/AndroidManifest.xml:10:9-40
41        <activity
41-->src/main/AndroidManifest.xml:12:9-25:20
42            android:name="app.duezo.MainActivity"
42-->src/main/AndroidManifest.xml:14:13-41
43            android:configChanges="orientation|keyboardHidden|keyboard|screenSize|locale|smallestScreenSize|screenLayout|uiMode|navigation|density"
43-->src/main/AndroidManifest.xml:13:13-148
44            android:exported="true"
44-->src/main/AndroidManifest.xml:18:13-36
45            android:label="@string/title_activity_main"
45-->src/main/AndroidManifest.xml:15:13-56
46            android:launchMode="singleTask"
46-->src/main/AndroidManifest.xml:17:13-44
47            android:theme="@style/AppTheme.NoActionBarLaunch" >
47-->src/main/AndroidManifest.xml:16:13-62
48            <intent-filter>
48-->src/main/AndroidManifest.xml:20:13-23:29
49                <action android:name="android.intent.action.MAIN" />
49-->src/main/AndroidManifest.xml:21:17-69
49-->src/main/AndroidManifest.xml:21:25-66
50
51                <category android:name="android.intent.category.LAUNCHER" />
51-->src/main/AndroidManifest.xml:22:17-77
51-->src/main/AndroidManifest.xml:22:27-74
52            </intent-filter>
53        </activity>
54
55        <provider
56            android:name="androidx.core.content.FileProvider"
56-->src/main/AndroidManifest.xml:28:13-62
57            android:authorities="app.duezo.fileprovider"
57-->src/main/AndroidManifest.xml:29:13-64
58            android:exported="false"
58-->src/main/AndroidManifest.xml:30:13-37
59            android:grantUriPermissions="true" >
59-->src/main/AndroidManifest.xml:31:13-47
60            <meta-data
60-->src/main/AndroidManifest.xml:32:13-34:64
61                android:name="android.support.FILE_PROVIDER_PATHS"
61-->src/main/AndroidManifest.xml:33:17-67
62                android:resource="@xml/file_paths" />
62-->src/main/AndroidManifest.xml:34:17-51
63        </provider>
64
65        <activity
65-->[:capacitor-browser] AndroidManifest.xml:14:9-18:75
66            android:name="com.capacitorjs.plugins.browser.BrowserControllerActivity"
66-->[:capacitor-browser] AndroidManifest.xml:15:13-85
67            android:exported="false"
67-->[:capacitor-browser] AndroidManifest.xml:16:13-37
68            android:launchMode="singleTask"
68-->[:capacitor-browser] AndroidManifest.xml:17:13-44
69            android:theme="@android:style/Theme.Translucent.NoTitleBar" />
69-->[:capacitor-browser] AndroidManifest.xml:18:13-72
70
71        <service
71-->[:capacitor-push-notifications] AndroidManifest.xml:8:9-14:19
72            android:name="com.capacitorjs.plugins.pushnotifications.MessagingService"
72-->[:capacitor-push-notifications] AndroidManifest.xml:9:13-86
73            android:exported="false" >
73-->[:capacitor-push-notifications] AndroidManifest.xml:10:13-37
74            <intent-filter>
74-->[:capacitor-push-notifications] AndroidManifest.xml:11:13-13:29
75                <action android:name="com.google.firebase.MESSAGING_EVENT" />
75-->[:capacitor-push-notifications] AndroidManifest.xml:12:17-78
75-->[:capacitor-push-notifications] AndroidManifest.xml:12:25-75
76            </intent-filter>
77        </service>
78
79        <receiver
79-->[com.google.firebase:firebase-messaging:25.0.1] AndroidManifest.xml:29:9-40:20
80            android:name="com.google.firebase.iid.FirebaseInstanceIdReceiver"
80-->[com.google.firebase:firebase-messaging:25.0.1] AndroidManifest.xml:30:13-78
81            android:exported="true"
81-->[com.google.firebase:firebase-messaging:25.0.1] AndroidManifest.xml:31:13-36
82            android:permission="com.google.android.c2dm.permission.SEND" >
82-->[com.google.firebase:firebase-messaging:25.0.1] AndroidManifest.xml:32:13-73
83            <intent-filter>
83-->[com.google.firebase:firebase-messaging:25.0.1] AndroidManifest.xml:33:13-35:29
84                <action android:name="com.google.android.c2dm.intent.RECEIVE" />
84-->[com.google.firebase:firebase-messaging:25.0.1] AndroidManifest.xml:34:17-81
84-->[com.google.firebase:firebase-messaging:25.0.1] AndroidManifest.xml:34:25-78
85            </intent-filter>
86
87            <meta-data
87-->[com.google.firebase:firebase-messaging:25.0.1] AndroidManifest.xml:37:13-39:40
88                android:name="com.google.android.gms.cloudmessaging.FINISHED_AFTER_HANDLED"
88-->[com.google.firebase:firebase-messaging:25.0.1] AndroidManifest.xml:38:17-92
89                android:value="true" />
89-->[com.google.firebase:firebase-messaging:25.0.1] AndroidManifest.xml:39:17-37
90        </receiver>
91        <!--
92             FirebaseMessagingService performs security checks at runtime,
93             but set to not exported to explicitly avoid allowing another app to call it.
94        -->
95        <service
95-->[com.google.firebase:firebase-messaging:25.0.1] AndroidManifest.xml:46:9-53:19
96            android:name="com.google.firebase.messaging.FirebaseMessagingService"
96-->[com.google.firebase:firebase-messaging:25.0.1] AndroidManifest.xml:47:13-82
97            android:directBootAware="true"
97-->[com.google.firebase:firebase-messaging:25.0.1] AndroidManifest.xml:48:13-43
98            android:exported="false" >
98-->[com.google.firebase:firebase-messaging:25.0.1] AndroidManifest.xml:49:13-37
99            <intent-filter android:priority="-500" >
99-->[:capacitor-push-notifications] AndroidManifest.xml:11:13-13:29
100                <action android:name="com.google.firebase.MESSAGING_EVENT" />
100-->[:capacitor-push-notifications] AndroidManifest.xml:12:17-78
100-->[:capacitor-push-notifications] AndroidManifest.xml:12:25-75
101            </intent-filter>
102        </service>
103        <service
103-->[com.google.firebase:firebase-messaging:25.0.1] AndroidManifest.xml:54:9-63:19
104            android:name="com.google.firebase.components.ComponentDiscoveryService"
104-->[com.google.firebase:firebase-messaging:25.0.1] AndroidManifest.xml:55:13-84
105            android:directBootAware="true"
105-->[com.google.firebase:firebase-common:22.0.1] AndroidManifest.xml:32:13-43
106            android:exported="false" >
106-->[com.google.firebase:firebase-messaging:25.0.1] AndroidManifest.xml:56:13-37
107            <meta-data
107-->[com.google.firebase:firebase-messaging:25.0.1] AndroidManifest.xml:57:13-59:85
108                android:name="com.google.firebase.components:com.google.firebase.messaging.FirebaseMessagingKtxRegistrar"
108-->[com.google.firebase:firebase-messaging:25.0.1] AndroidManifest.xml:58:17-122
109                android:value="com.google.firebase.components.ComponentRegistrar" />
109-->[com.google.firebase:firebase-messaging:25.0.1] AndroidManifest.xml:59:17-82
110            <meta-data
110-->[com.google.firebase:firebase-messaging:25.0.1] AndroidManifest.xml:60:13-62:85
111                android:name="com.google.firebase.components:com.google.firebase.messaging.FirebaseMessagingRegistrar"
111-->[com.google.firebase:firebase-messaging:25.0.1] AndroidManifest.xml:61:17-119
112                android:value="com.google.firebase.components.ComponentRegistrar" />
112-->[com.google.firebase:firebase-messaging:25.0.1] AndroidManifest.xml:62:17-82
113            <meta-data
113-->[com.google.firebase:firebase-installations:18.0.0] AndroidManifest.xml:15:13-17:85
114                android:name="com.google.firebase.components:com.google.firebase.installations.FirebaseInstallationsKtxRegistrar"
114-->[com.google.firebase:firebase-installations:18.0.0] AndroidManifest.xml:16:17-130
115                android:value="com.google.firebase.components.ComponentRegistrar" />
115-->[com.google.firebase:firebase-installations:18.0.0] AndroidManifest.xml:17:17-82
116            <meta-data
116-->[com.google.firebase:firebase-installations:18.0.0] AndroidManifest.xml:18:13-20:85
117                android:name="com.google.firebase.components:com.google.firebase.installations.FirebaseInstallationsRegistrar"
117-->[com.google.firebase:firebase-installations:18.0.0] AndroidManifest.xml:19:17-127
118                android:value="com.google.firebase.components.ComponentRegistrar" />
118-->[com.google.firebase:firebase-installations:18.0.0] AndroidManifest.xml:20:17-82
119            <meta-data
119-->[com.google.firebase:firebase-common:22.0.1] AndroidManifest.xml:35:13-37:85
120                android:name="com.google.firebase.components:com.google.firebase.FirebaseCommonKtxRegistrar"
120-->[com.google.firebase:firebase-common:22.0.1] AndroidManifest.xml:36:17-109
121                android:value="com.google.firebase.components.ComponentRegistrar" />
121-->[com.google.firebase:firebase-common:22.0.1] AndroidManifest.xml:37:17-82
122            <meta-data
122-->[com.google.firebase:firebase-datatransport:18.2.0] AndroidManifest.xml:25:13-27:85
123                android:name="com.google.firebase.components:com.google.firebase.datatransport.TransportRegistrar"
123-->[com.google.firebase:firebase-datatransport:18.2.0] AndroidManifest.xml:26:17-115
124                android:value="com.google.firebase.components.ComponentRegistrar" />
124-->[com.google.firebase:firebase-datatransport:18.2.0] AndroidManifest.xml:27:17-82
125        </service>
126
127        <activity
127-->[com.google.android.gms:play-services-base:18.1.0] AndroidManifest.xml:20:9-22:45
128            android:name="com.google.android.gms.common.api.GoogleApiActivity"
128-->[com.google.android.gms:play-services-base:18.1.0] AndroidManifest.xml:20:19-85
129            android:exported="false"
129-->[com.google.android.gms:play-services-base:18.1.0] AndroidManifest.xml:22:19-43
130            android:theme="@android:style/Theme.Translucent.NoTitleBar" />
130-->[com.google.android.gms:play-services-base:18.1.0] AndroidManifest.xml:21:19-78
131
132        <provider
132-->[com.google.firebase:firebase-common:22.0.1] AndroidManifest.xml:23:9-28:39
133            android:name="com.google.firebase.provider.FirebaseInitProvider"
133-->[com.google.firebase:firebase-common:22.0.1] AndroidManifest.xml:24:13-77
134            android:authorities="app.duezo.firebaseinitprovider"
134-->[com.google.firebase:firebase-common:22.0.1] AndroidManifest.xml:25:13-72
135            android:directBootAware="true"
135-->[com.google.firebase:firebase-common:22.0.1] AndroidManifest.xml:26:13-43
136            android:exported="false"
136-->[com.google.firebase:firebase-common:22.0.1] AndroidManifest.xml:27:13-37
137            android:initOrder="100" />
137-->[com.google.firebase:firebase-common:22.0.1] AndroidManifest.xml:28:13-36
138        <provider
138-->[androidx.emoji2:emoji2:1.3.0] AndroidManifest.xml:24:9-32:20
139            android:name="androidx.startup.InitializationProvider"
139-->[androidx.emoji2:emoji2:1.3.0] AndroidManifest.xml:25:13-67
140            android:authorities="app.duezo.androidx-startup"
140-->[androidx.emoji2:emoji2:1.3.0] AndroidManifest.xml:26:13-68
141            android:exported="false" >
141-->[androidx.emoji2:emoji2:1.3.0] AndroidManifest.xml:27:13-37
142            <meta-data
142-->[androidx.emoji2:emoji2:1.3.0] AndroidManifest.xml:29:13-31:52
143                android:name="androidx.emoji2.text.EmojiCompatInitializer"
143-->[androidx.emoji2:emoji2:1.3.0] AndroidManifest.xml:30:17-75
144                android:value="androidx.startup" />
144-->[androidx.emoji2:emoji2:1.3.0] AndroidManifest.xml:31:17-49
145            <meta-data
145-->[androidx.lifecycle:lifecycle-process:2.6.2] AndroidManifest.xml:29:13-31:52
146                android:name="androidx.lifecycle.ProcessLifecycleInitializer"
146-->[androidx.lifecycle:lifecycle-process:2.6.2] AndroidManifest.xml:30:17-78
147                android:value="androidx.startup" />
147-->[androidx.lifecycle:lifecycle-process:2.6.2] AndroidManifest.xml:31:17-49
148            <meta-data
148-->[androidx.profileinstaller:profileinstaller:1.4.0] AndroidManifest.xml:29:13-31:52
149                android:name="androidx.profileinstaller.ProfileInstallerInitializer"
149-->[androidx.profileinstaller:profileinstaller:1.4.0] AndroidManifest.xml:30:17-85
150                android:value="androidx.startup" />
150-->[androidx.profileinstaller:profileinstaller:1.4.0] AndroidManifest.xml:31:17-49
151        </provider>
152
153        <meta-data
153-->[com.google.android.gms:play-services-basement:18.3.0] AndroidManifest.xml:21:9-23:69
154            android:name="com.google.android.gms.version"
154-->[com.google.android.gms:play-services-basement:18.3.0] AndroidManifest.xml:22:13-58
155            android:value="@integer/google_play_services_version" />
155-->[com.google.android.gms:play-services-basement:18.3.0] AndroidManifest.xml:23:13-66
156
157        <receiver
157-->[androidx.profileinstaller:profileinstaller:1.4.0] AndroidManifest.xml:34:9-52:20
158            android:name="androidx.profileinstaller.ProfileInstallReceiver"
158-->[androidx.profileinstaller:profileinstaller:1.4.0] AndroidManifest.xml:35:13-76
159            android:directBootAware="false"
159-->[androidx.profileinstaller:profileinstaller:1.4.0] AndroidManifest.xml:36:13-44
160            android:enabled="true"
160-->[androidx.profileinstaller:profileinstaller:1.4.0] AndroidManifest.xml:37:13-35
161            android:exported="true"
161-->[androidx.profileinstaller:profileinstaller:1.4.0] AndroidManifest.xml:38:13-36
162            android:permission="android.permission.DUMP" >
162-->[androidx.profileinstaller:profileinstaller:1.4.0] AndroidManifest.xml:39:13-57
163            <intent-filter>
163-->[androidx.profileinstaller:profileinstaller:1.4.0] AndroidManifest.xml:40:13-42:29
164                <action android:name="androidx.profileinstaller.action.INSTALL_PROFILE" />
164-->[androidx.profileinstaller:profileinstaller:1.4.0] AndroidManifest.xml:41:17-91
164-->[androidx.profileinstaller:profileinstaller:1.4.0] AndroidManifest.xml:41:25-88
165            </intent-filter>
166            <intent-filter>
166-->[androidx.profileinstaller:profileinstaller:1.4.0] AndroidManifest.xml:43:13-45:29
167                <action android:name="androidx.profileinstaller.action.SKIP_FILE" />
167-->[androidx.profileinstaller:profileinstaller:1.4.0] AndroidManifest.xml:44:17-85
167-->[androidx.profileinstaller:profileinstaller:1.4.0] AndroidManifest.xml:44:25-82
168            </intent-filter>
169            <intent-filter>
169-->[androidx.profileinstaller:profileinstaller:1.4.0] AndroidManifest.xml:46:13-48:29
170                <action android:name="androidx.profileinstaller.action.SAVE_PROFILE" />
170-->[androidx.profileinstaller:profileinstaller:1.4.0] AndroidManifest.xml:47:17-88
170-->[androidx.profileinstaller:profileinstaller:1.4.0] AndroidManifest.xml:47:25-85
171            </intent-filter>
172            <intent-filter>
172-->[androidx.profileinstaller:profileinstaller:1.4.0] AndroidManifest.xml:49:13-51:29
173                <action android:name="androidx.profileinstaller.action.BENCHMARK_OPERATION" />
173-->[androidx.profileinstaller:profileinstaller:1.4.0] AndroidManifest.xml:50:17-95
173-->[androidx.profileinstaller:profileinstaller:1.4.0] AndroidManifest.xml:50:25-92
174            </intent-filter>
175        </receiver>
176
177        <service
177-->[com.google.android.datatransport:transport-backend-cct:3.1.9] AndroidManifest.xml:28:9-34:19
178            android:name="com.google.android.datatransport.runtime.backends.TransportBackendDiscovery"
178-->[com.google.android.datatransport:transport-backend-cct:3.1.9] AndroidManifest.xml:29:13-103
179            android:exported="false" >
179-->[com.google.android.datatransport:transport-backend-cct:3.1.9] AndroidManifest.xml:30:13-37
180            <meta-data
180-->[com.google.android.datatransport:transport-backend-cct:3.1.9] AndroidManifest.xml:31:13-33:39
181                android:name="backend:com.google.android.datatransport.cct.CctBackendFactory"
181-->[com.google.android.datatransport:transport-backend-cct:3.1.9] AndroidManifest.xml:32:17-94
182                android:value="cct" />
182-->[com.google.android.datatransport:transport-backend-cct:3.1.9] AndroidManifest.xml:33:17-36
183        </service>
184        <service
184-->[com.google.android.datatransport:transport-runtime:3.1.9] AndroidManifest.xml:26:9-30:19
185            android:name="com.google.android.datatransport.runtime.scheduling.jobscheduling.JobInfoSchedulerService"
185-->[com.google.android.datatransport:transport-runtime:3.1.9] AndroidManifest.xml:27:13-117
186            android:exported="false"
186-->[com.google.android.datatransport:transport-runtime:3.1.9] AndroidManifest.xml:28:13-37
187            android:permission="android.permission.BIND_JOB_SERVICE" >
187-->[com.google.android.datatransport:transport-runtime:3.1.9] AndroidManifest.xml:29:13-69
188        </service>
189
190        <receiver
190-->[com.google.android.datatransport:transport-runtime:3.1.9] AndroidManifest.xml:32:9-34:40
191            android:name="com.google.android.datatransport.runtime.scheduling.jobscheduling.AlarmManagerSchedulerBroadcastReceiver"
191-->[com.google.android.datatransport:transport-runtime:3.1.9] AndroidManifest.xml:33:13-132
192            android:exported="false" />
192-->[com.google.android.datatransport:transport-runtime:3.1.9] AndroidManifest.xml:34:13-37
193    </application>
194
195</manifest>